2021-02-12 07:33:40.748  INFO 27509 --- [main] c.h.a.c.CustomScannersServiceApplication : Starting CustomScannersServiceApplication on kmachine with PID 27509 (/home/kk/.vscode/extensions/hcltechnologies.hclappscancodesweep-1.1.3/lib/custom-scanners-service-1.0.10.jar started by kk in /opt/Notes/KBs/Docker)
2021-02-12 07:33:40.778  INFO 27509 --- [main] c.h.a.c.CustomScannersServiceApplication : No active profile set, falling back to default profiles: default
2021-02-12 07:33:55.417  INFO 27509 --- [main] o.s.b.w.embedded.tomcat.TomcatWebServer  : Tomcat initialized with port(s): 9221 (http)
2021-02-12 07:33:55.480  INFO 27509 --- [main] o.apache.catalina.core.StandardService   : Starting service [Tomcat]
2021-02-12 07:33:55.482  INFO 27509 --- [main] org.apache.catalina.core.StandardEngine  : Starting Servlet engine: [Apache Tomcat/9.0.29]
2021-02-12 07:33:55.911  INFO 27509 --- [main] o.a.c.c.C.[Tomcat].[localhost].[/]       : Initializing Spring embedded WebApplicationContext
2021-02-12 07:33:55.913 DEBUG 27509 --- [main] o.s.web.context.ContextLoader            : Published root WebApplicationContext as ServletContext attribute with name [org.springframework.web.context.WebApplicationContext.ROOT]
2021-02-12 07:33:55.914  INFO 27509 --- [main] o.s.web.context.ContextLoader            : Root WebApplicationContext: initialization completed in 14469 ms
2021-02-12 07:33:57.134 DEBUG 27509 --- [main] o.s.b.w.s.ServletContextInitializerBeans : Mapping filters: filterRegistrationBean urls=[/*] order=-2147483647, characterEncodingFilter urls=[/*] order=-2147483648, formContentFilter urls=[/*] order=-9900, requestContextFilter urls=[/*] order=-105
2021-02-12 07:33:57.137 DEBUG 27509 --- [main] o.s.b.w.s.ServletContextInitializerBeans : Mapping servlets: dispatcherServlet urls=[/]
2021-02-12 07:34:07.546 DEBUG 27509 --- [main] s.w.s.m.m.a.RequestMappingHandlerMapping : 19 mappings in 'requestMappingHandlerMapping'
2021-02-12 07:34:07.790  INFO 27509 --- [main] o.s.b.a.e.web.EndpointLinksResolver      : Exposing 2 endpoint(s) beneath base path '/actuator'
2021-02-12 07:34:08.293  INFO 27509 --- [main] pertySourcedRequestMappingHandlerMapping : Mapped URL path [/v2/api-docs] onto method [springfox.documentation.swagger2.web.Swagger2Controller#getDocumentation(String, HttpServletRequest)]
2021-02-12 07:34:08.874  INFO 27509 --- [main] o.s.s.concurrent.ThreadPoolTaskExecutor  : Initializing ExecutorService 'applicationTaskExecutor'
2021-02-12 07:34:08.962 DEBUG 27509 --- [main] s.w.s.m.m.a.RequestMappingHandlerAdapter : ControllerAdvice beans: 0 @ModelAttribute, 0 @InitBinder, 1 RequestBodyAdvice, 1 ResponseBodyAdvice
2021-02-12 07:34:09.874 DEBUG 27509 --- [main] o.s.w.s.handler.SimpleUrlHandlerMapping  : Patterns [/webjars/**, /**] in 'resourceHandlerMapping'
2021-02-12 07:34:09.953 DEBUG 27509 --- [main] .m.m.a.ExceptionHandlerExceptionResolver : ControllerAdvice beans: 1 @ExceptionHandler, 1 ResponseBodyAdvice
2021-02-12 07:34:10.357  INFO 27509 --- [main] d.s.w.p.DocumentationPluginsBootstrapper : Context refreshed
2021-02-12 07:34:10.579  INFO 27509 --- [main] d.s.w.p.DocumentationPluginsBootstrapper : Found 1 custom documentation plugin(s)
2021-02-12 07:34:10.954  INFO 27509 --- [main] s.d.s.w.s.ApiListingReferenceScanner     : Scanning for api listing references
2021-02-12 07:34:13.622  INFO 27509 --- [main] o.s.b.w.embedded.tomcat.TomcatWebServer  : Tomcat started on port(s): 9221 (http) with context path ''
2021-02-12 07:34:13.658  INFO 27509 --- [main] c.h.a.c.CustomScannersServiceApplication : Started CustomScannersServiceApplication in 37.772 seconds (JVM running for 43.328)
2021-02-12 07:34:14.238  INFO 27509 --- [http-nio-9221-exec-1] o.a.c.c.C.[Tomcat].[localhost].[/]       : Initializing Spring DispatcherServlet 'dispatcherServlet'
2021-02-12 07:34:14.262  INFO 27509 --- [http-nio-9221-exec-1] o.s.web.servlet.DispatcherServlet        : Initializing Servlet 'dispatcherServlet'
2021-02-12 07:34:14.263 DEBUG 27509 --- [http-nio-9221-exec-1] o.s.web.servlet.DispatcherServlet        : Detected StandardServletMultipartResolver
2021-02-12 07:34:14.337 DEBUG 27509 --- [http-nio-9221-exec-1] o.s.web.servlet.DispatcherServlet        : enableLoggingRequestDetails='false': request parameters and headers will be masked to prevent unsafe logging of potentially sensitive data
2021-02-12 07:34:14.341  INFO 27509 --- [http-nio-9221-exec-1] o.s.web.servlet.DispatcherServlet        : Completed initialization in 78 ms
2021-02-12 07:34:14.424 DEBUG 27509 --- [http-nio-9221-exec-1] o.s.web.servlet.DispatcherServlet        : GET "/v1/scanRules", parameters={}
2021-02-12 07:34:14.465 DEBUG 27509 --- [http-nio-9221-exec-1] s.w.s.m.m.a.RequestMappingHandlerMapping : Mapped to com.hcl.appscan.customscannersservice.controller.CustomScannersController#getScanRules(String[])
2021-02-12 07:34:14.613 DEBUG 27509 --- [http-nio-9221-exec-1] o.s.w.s.m.m.a.HttpEntityMethodProcessor  : Using 'application/json', given [application/json] and supported [application/json]
2021-02-12 07:34:14.679 DEBUG 27509 --- [http-nio-9221-exec-1] o.s.w.s.m.m.a.HttpEntityMethodProcessor  : Writing [{Golang={com.ouncelabs.languagelite.golang.rules.WeakCryptoGolang=CustomScannersServiceScanRule{rule (truncated)...]
2021-02-12 07:34:15.066 DEBUG 27509 --- [http-nio-9221-exec-1] o.s.web.servlet.DispatcherServlet        : Completed 200 OK
